<?xml version="1.0" encoding="UTF-8"?>
<!-- Generated by org.testng.reporters.JUnitReportReporter -->
<testsuite skipped="0" hostname="Shift-PC01" name="com.shift.Guru98.GoogleTest" tests="1" failures="0" timestamp="14 Sep 2018 22:50:28 GMT" time="7.285" errors="0">
  <testcase name="test01" time="7.285" classname="com.shift.Guru98.GoogleTest"/>
</testsuite> <!-- com.shift.Guru98.GoogleTest -->
